<?xml version="1.0" encoding="UTF-8"?>
<testng-results ignored="2" total="3" passed="1" failed="0" skipped="0">
  <reporter-output>
  </reporter-output>
  <suite started-at="2026-05-13T09:19:52 IST" name="Default suite" finished-at="2026-05-13T09:19:56 IST" duration-ms="4253">
    <groups>
    </groups>
    <test started-at="2026-05-13T09:19:52 IST" name="Default test" finished-at="2026-05-13T09:19:56 IST" duration-ms="4253">
      <class name="org.restapis.tests.BasicAuth">
        <test-method signature="TC_003()[pri:0, instance:org.restapis.tests.BasicAuth@4ec4f3a0]" started-at="2026-05-13T09:19:52 IST" name="TC_003" finished-at="2026-05-13T09:19:56 IST" duration-ms="4192" status="PASS">
          <reporter-output>
          </reporter-output>
        </test-method> <!-- TC_003 -->
      </class> <!-- org.restapis.tests.BasicAuth -->
    </test> <!-- Default test -->
  </suite> <!-- Default suite -->
</testng-results>
