<?xml version="1.0" encoding="UTF-8"?>
<!-- Generated by org.testng.reporters.JUnitXMLReporter -->
<testsuite ignored="2" hostname="LAPTOP-9L7GU43Q" failures="0" tests="1" name="Default test" time="4.253" errors="0" timestamp="2026-05-13T09:19:56 IST">
  <testcase classname="org.restapis.tests.BasicAuth" name="TC_003" time="4.192"/>
  <testcase classname="org.restapis.tests.BasicAuth" name="TC_002" time="0.0">
    <ignored/>
  </testcase> <!-- TC_002 -->
  <testcase classname="org.restapis.tests.BasicAuth" name="TC_001" time="0.0">
    <ignored/>
  </testcase> <!-- TC_001 -->
</testsuite> <!-- Default test -->
